<?xml version="1.0" encoding="UTF-8"?>
<!-- Generated by org.testng.reporters.JUnitXMLReporter -->
<testsuite ignored="2" hostname="IBM-PF3PCD0C" failures="0" tests="1" name="chromeTest" time="14.356" errors="0" timestamp="2024-07-16T00:06:24 IST">
  <testcase classname="testCases.Test1" name="testCase3" time="2.398"/>
  <testcase classname="testCases.Test1" name="testCase2" time="0.0">
    <ignored/>
  </testcase> <!-- testCase2 -->
  <testcase classname="testCases.Test1" name="testCase1" time="0.0">
    <ignored/>
  </testcase> <!-- testCase1 -->
</testsuite> <!-- chromeTest -->
