<?xml version="1.0" encoding="UTF-8"?>
<!-- Generated by org.testng.reporters.JUnitXMLReporter -->
<testsuite ignored="2" hostname="IBM-PF3PCD0C" failures="0" tests="1" name="edgeTest" time="15.597" errors="0" timestamp="2024-07-16T00:06:25 IST">
  <testcase classname="testCases.Test1" name="testCase3" time="1.646"/>
  <testcase classname="testCases.Test1" name="testCase2" time="0.0">
    <ignored/>
  </testcase> <!-- testCase2 -->
  <testcase classname="testCases.Test1" name="testCase1" time="0.0">
    <ignored/>
  </testcase> <!-- testCase1 -->
</testsuite> <!-- edgeTest -->
