<?xml version="1.0" encoding="UTF-8"?>
<!-- Generated by org.testng.reporters.JUnitXMLReporter -->
<testsuite ignored="2" hostname="IBM-PF3PCD0C" failures="0" tests="1" name="edgeTest" time="11.992" errors="0" timestamp="2024-07-17T12:03:45 IST">
  <testcase classname="testCases.Test1" name="testCase3" time="2.791"/>
  <testcase classname="testCases.Test1" name="testCase1" time="0.0">
    <ignored/>
  </testcase> <!-- testCase1 -->
  <testcase classname="testCases.Test1" name="testCase2" time="0.0">
    <ignored/>
  </testcase> <!-- testCase2 -->
</testsuite> <!-- edgeTest -->
