<?xml version="1.0" encoding="UTF-8"?>
<testng-results ignored="0" total="2" passed="2" failed="0" skipped="0">
  <reporter-output>
  </reporter-output>
  <suite started-at="2024-07-17T12:03:33 IST" name="Suite" finished-at="2024-07-17T12:03:45 IST" duration-ms="12219">
    <groups>
      <group name="Regression">
        <method signature="Test1.testCase3(java.lang.String,java.lang.String)[pri:2, instance:testCases.Test1@5f2606b]" name="testCase3" class="testCases.Test1"/>
        <method signature="Test1.testCase3(java.lang.String,java.lang.String)[pri:2, instance:testCases.Test1@4b6579e8]" name="testCase3" class="testCases.Test1"/>
      </group> <!-- Regression -->
    </groups>
    <test started-at="2024-07-17T12:03:33 IST" name="edgeTest" finished-at="2024-07-17T12:03:45 IST" duration-ms="11992">
      <class name="testCases.Test1">
        <test-method is-config="true" signature="setup(java.lang.String,java.lang.String)[pri:0, instance:testCases.Test1@5f2606b]" started-at="2024-07-17T12:03:33 IST" name="setup" finished-at="2024-07-17T12:03:40 IST" duration-ms="7125" status="PASS">
          <params>
            <param index="0">
              <value>
                <![CDATA[Windows]]>
              </value>
            </param>
            <param index="1">
              <value>
                <![CDATA[edge]]>
              </value>
            </param>
          </params>
          <reporter-output>
          </reporter-output>
        </test-method> <!-- setup -->
        <test-method signature="testCase3(java.lang.String,java.lang.String)[pri:2, instance:testCases.Test1@5f2606b]" started-at="2024-07-17T12:03:40 IST" name="testCase3" data-provider="creds" finished-at="2024-07-17T12:03:43 IST" duration-ms="2791" status="PASS">
          <params>
            <param index="0">
              <value>
                <![CDATA[admin]]>
              </value>
            </param>
            <param index="1">
              <value>
                <![CDATA[pa$$w0rd]]>
              </value>
            </param>
          </params>
          <reporter-output>
          </reporter-output>
        </test-method> <!-- testCase3 -->
        <test-method is-config="true" signature="teardown()[pri:0, instance:testCases.Test1@5f2606b]" started-at="2024-07-17T12:03:43 IST" name="teardown" finished-at="2024-07-17T12:03:45 IST" duration-ms="1992" status="PASS">
          <reporter-output>
          </reporter-output>
        </test-method> <!-- teardown -->
      </class> <!-- testCases.Test1 -->
    </test> <!-- edgeTest -->
    <test started-at="2024-07-17T12:03:33 IST" name="chromeTest" finished-at="2024-07-17T12:03:45 IST" duration-ms="12219">
      <class name="testCases.Test1">
        <test-method is-config="true" signature="setup(java.lang.String,java.lang.String)[pri:0, instance:testCases.Test1@4b6579e8]" started-at="2024-07-17T12:03:33 IST" name="setup" finished-at="2024-07-17T12:03:43 IST" duration-ms="10016" status="PASS">
          <params>
            <param index="0">
              <value>
                <![CDATA[Windows]]>
              </value>
            </param>
            <param index="1">
              <value>
                <![CDATA[chrome]]>
              </value>
            </param>
          </params>
          <reporter-output>
          </reporter-output>
        </test-method> <!-- setup -->
        <test-method signature="testCase3(java.lang.String,java.lang.String)[pri:2, instance:testCases.Test1@4b6579e8]" started-at="2024-07-17T12:03:43 IST" name="testCase3" data-provider="creds" finished-at="2024-07-17T12:03:45 IST" duration-ms="1867" status="PASS">
          <params>
            <param index="0">
              <value>
                <![CDATA[admin]]>
              </value>
            </param>
            <param index="1">
              <value>
                <![CDATA[pa$$w0rd]]>
              </value>
            </param>
          </params>
          <reporter-output>
          </reporter-output>
        </test-method> <!-- testCase3 -->
        <test-method is-config="true" signature="teardown()[pri:0, instance:testCases.Test1@4b6579e8]" started-at="2024-07-17T12:03:45 IST" name="teardown" finished-at="2024-07-17T12:03:45 IST" duration-ms="325" status="PASS">
          <reporter-output>
          </reporter-output>
        </test-method> <!-- teardown -->
      </class> <!-- testCases.Test1 -->
    </test> <!-- chromeTest -->
  </suite> <!-- Suite -->
</testng-results>
